Started GET "/" for ::1 at 2023-05-30 14:12:28 -0400
  [1m[35m (0.7ms)[0m  [1m[35mCREATE TABLE "schema_migrations" ("version" varchar NOT NULL PRIMARY KEY)[0m
  [1m[35m (0.4ms)[0m  [1m[35mCREATE TABLE "ar_internal_metadata" ("key" varchar NOT NULL PRIMARY KEY, "value" varchar, "created_at" datetime(6) NOT NULL, "updated_at" datetime(6) NOT NULL)[0m
  [1m[36mActiveRecord::SchemaMigration Pluck (0.1ms)[0m  [1m[34mSELECT "schema_migrations"."version" FROM "schema_migrations" ORDER BY "schema_migrations"."version" ASC[0m
  
ActiveRecord::PendingMigrationError (

Migrations are pending. To resolve this issue, run:

        bin/rails db:migrate RAILS_ENV=development

You have 4 pending migrations:

20230530003851_devise_create_users.rb
20230530003904_create_active_storage_tables.active_storage.rb
20230530003910_create_action_text_tables.action_text.rb
20230530134942_create_tasks.rb


):
  
activerecord (7.0.5) lib/active_record/migration.rb:627:in `check_pending!'
activerecord (7.0.5) lib/active_record/migration.rb:592:in `block (2 levels) in call'
activesupport (7.0.5) lib/active_support/file_update_checker.rb:83:in `execute'
activerecord (7.0.5) lib/active_record/migration.rb:597:in `block in call'
activerecord (7.0.5) lib/active_record/migration.rb:589:in `synchronize'
activerecord (7.0.5) lib/active_record/migration.rb:589:in `call'
actionpack (7.0.5) lib/action_dispatch/middleware/callbacks.rb:27:in `block in call'
activesupport (7.0.5) lib/active_support/callbacks.rb:99:in `run_callbacks'
actionpack (7.0.5) lib/action_dispatch/middleware/callbacks.rb:26:in `call'
actionpack (7.0.5) lib/action_dispatch/middleware/executor.rb:14:in `call'
actionpack (7.0.5) lib/action_dispatch/middleware/actionable_exceptions.rb:17:in `call'
actionpack (7.0.5) lib/action_dispatch/middleware/debug_exceptions.rb:28:in `call'
web-console (4.2.0) lib/web_console/middleware.rb:132:in `call_app'
web-console (4.2.0) lib/web_console/middleware.rb:28:in `block in call'
web-console (4.2.0) lib/web_console/middleware.rb:17:in `catch'
web-console (4.2.0) lib/web_console/middleware.rb:17:in `call'
actionpack (7.0.5) lib/action_dispatch/middleware/show_exceptions.rb:26:in `call'
railties (7.0.5) lib/rails/rack/logger.rb:40:in `call_app'
railties (7.0.5) lib/rails/rack/logger.rb:25:in `block in call'
activesupport (7.0.5) lib/active_support/tagged_logging.rb:99:in `block in tagged'
activesupport (7.0.5) lib/active_support/tagged_logging.rb:37:in `tagged'
activesupport (7.0.5) lib/active_support/tagged_logging.rb:99:in `tagged'
railties (7.0.5) lib/rails/rack/logger.rb:25:in `call'
sprockets-rails (3.4.2) lib/sprockets/rails/quiet_assets.rb:13:in `call'
actionpack (7.0.5) lib/action_dispatch/middleware/remote_ip.rb:93:in `call'
actionpack (7.0.5) lib/action_dispatch/middleware/request_id.rb:26:in `call'
rack (2.2.7) lib/rack/method_override.rb:24:in `call'
rack (2.2.7) lib/rack/runtime.rb:22:in `call'
activesupport (7.0.5) lib/active_support/cache/strategy/local_cache_middleware.rb:29:in `call'
actionpack (7.0.5) lib/action_dispatch/middleware/server_timing.rb:61:in `block in call'
actionpack (7.0.5) lib/action_dispatch/middleware/server_timing.rb:26:in `collect_events'
actionpack (7.0.5) lib/action_dispatch/middleware/server_timing.rb:60:in `call'
actionpack (7.0.5) lib/action_dispatch/middleware/executor.rb:14:in `call'
actionpack (7.0.5) lib/action_dispatch/middleware/static.rb:23:in `call'
rack (2.2.7) lib/rack/sendfile.rb:110:in `call'
actionpack (7.0.5) lib/action_dispatch/middleware/host_authorization.rb:137:in `call'
railties (7.0.5) lib/rails/engine.rb:530:in `call'
puma (5.6.5) lib/puma/configuration.rb:252:in `call'
puma (5.6.5) lib/puma/request.rb:77:in `block in handle_request'
puma (5.6.5) lib/puma/thread_pool.rb:340:in `with_force_shutdown'
puma (5.6.5) lib/puma/request.rb:76:in `handle_request'
puma (5.6.5) lib/puma/server.rb:443:in `process_client'
puma (5.6.5) lib/puma/thread_pool.rb:147:in `block in spawn_thread'
  [1m[36mActiveRecord::SchemaMigration Pluck (0.0ms)[0m  [1m[34mSELECT "schema_migrations"."version" FROM "schema_migrations" ORDER BY "schema_migrations"."version" ASC[0m
Migrating to DeviseCreateUsers (20230530003851)
  [1m[36mTRANSACTION (0.0ms)[0m  [1m[36mbegin transaction[0m
  [1m[35m (0.2ms)[0m  [1m[35mCREATE TABLE "users" ("id" integer PRIMARY KEY AUTOINCREMENT NOT NULL, "email" varchar DEFAULT '' NOT NULL, "encrypted_password" varchar DEFAULT '' NOT NULL, "reset_password_token" varchar, "reset_password_sent_at" datetime(6), "remember_created_at" datetime(6), "first_name" varchar, "last_name" varchar, "admin" boolean DEFAULT 0, "created_at" datetime(6) NOT NULL, "updated_at" datetime(6) NOT NULL)[0m
  [1m[35m (0.0ms)[0m  [1m[35mCREATE UNIQUE INDEX "index_users_on_email" ON "users" ("email")[0m
  [1m[35m (0.0ms)[0m  [1m[35mCREATE UNIQUE INDEX "index_users_on_reset_password_token" ON "users" ("reset_password_token")[0m
  [1m[36mActiveRecord::SchemaMigration Create (0.0ms)[0m  [1m[32mINSERT INTO "schema_migrations" ("version") VALUES (?)[0m  [["version", "20230530003851"]]
  [1m[36mTRANSACTION (0.4ms)[0m  [1m[36mcommit transaction[0m
Migrating to CreateActiveStorageTables (20230530003904)
  [1m[36mTRANSACTION (0.0ms)[0m  [1m[36mbegin transaction[0m
  [1m[35m (0.2ms)[0m  [1m[35mCREATE TABLE "active_storage_blobs" ("id" integer PRIMARY KEY AUTOINCREMENT NOT NULL, "key" varchar NOT NULL, "filename" varchar NOT NULL, "content_type" varchar, "metadata" text, "service_name" varchar NOT NULL, "byte_size" bigint NOT NULL, "checksum" varchar, "created_at" datetime(6) NOT NULL)[0m
  [1m[35m (0.0ms)[0m  [1m[35mCREATE UNIQUE INDEX "index_active_storage_blobs_on_key" ON "active_storage_blobs" ("key")[0m
  [1m[35m (0.0ms)[0m  [1m[35mCREATE TABLE "active_storage_attachments" ("id" integer PRIMARY KEY AUTOINCREMENT NOT NULL, "name" varchar NOT NULL, "record_type" varchar NOT NULL, "record_id" bigint NOT NULL, "blob_id" bigint NOT NULL, "created_at" datetime(6) NOT NULL, CONSTRAINT "fk_rails_c3b3935057"
FOREIGN KEY ("blob_id")
  REFERENCES "active_storage_blobs" ("id")
)[0m
  [1m[35m (0.0ms)[0m  [1m[35mCREATE INDEX "index_active_storage_attachments_on_blob_id" ON "active_storage_attachments" ("blob_id")[0m
  [1m[35m (0.0ms)[0m  [1m[35mCREATE UNIQUE INDEX "index_active_storage_attachments_uniqueness" ON "active_storage_attachments" ("record_type", "record_id", "name", "blob_id")[0m
  [1m[35m (0.0ms)[0m  [1m[35mCREATE TABLE "active_storage_variant_records" ("id" integer PRIMARY KEY AUTOINCREMENT NOT NULL, "blob_id" bigint NOT NULL, "variation_digest" varchar NOT NULL, CONSTRAINT "fk_rails_993965df05"
FOREIGN KEY ("blob_id")
  REFERENCES "active_storage_blobs" ("id")
)[0m
  [1m[35m (0.0ms)[0m  [1m[35mCREATE UNIQUE INDEX "index_active_storage_variant_records_uniqueness" ON "active_storage_variant_records" ("blob_id", "variation_digest")[0m
  [1m[36mActiveRecord::SchemaMigration Create (0.0ms)[0m  [1m[32mINSERT INTO "schema_migrations" ("version") VALUES (?)[0m  [["version", "20230530003904"]]
  [1m[36mTRANSACTION (0.3ms)[0m  [1m[36mcommit transaction[0m
Migrating to CreateActionTextTables (20230530003910)
  [1m[36mTRANSACTION (0.0ms)[0m  [1m[36mbegin transaction[0m
  [1m[35m (0.2ms)[0m  [1m[35mCREATE TABLE "action_text_rich_texts" ("id" integer PRIMARY KEY AUTOINCREMENT NOT NULL, "name" varchar NOT NULL, "body" text, "record_type" varchar NOT NULL, "record_id" bigint NOT NULL, "created_at" datetime(6) NOT NULL, "updated_at" datetime(6) NOT NULL)[0m
  [1m[35m (0.0ms)[0m  [1m[35mCREATE UNIQUE INDEX "index_action_text_rich_texts_uniqueness" ON "action_text_rich_texts" ("record_type", "record_id", "name")[0m
  [1m[36mActiveRecord::SchemaMigration Create (0.0ms)[0m  [1m[32mINSERT INTO "schema_migrations" ("version") VALUES (?)[0m  [["version", "20230530003910"]]
  [1m[36mTRANSACTION (0.2ms)[0m  [1m[36mcommit transaction[0m
Migrating to CreateTasks (20230530134942)
  [1m[36mTRANSACTION (0.0ms)[0m  [1m[36mbegin transaction[0m
  [1m[35m (0.1ms)[0m  [1m[35mCREATE TABLE "tasks" ("id" integer PRIMARY KEY AUTOINCREMENT NOT NULL, "name" varchar, "status" boolean, "created_at" datetime(6) NOT NULL, "updated_at" datetime(6) NOT NULL)[0m
  [1m[36mActiveRecord::SchemaMigration Create (0.1ms)[0m  [1m[32mINSERT INTO "schema_migrations" ("version") VALUES (?)[0m  [["version", "20230530134942"]]
  [1m[36mTRANSACTION (0.2ms)[0m  [1m[36mcommit transaction[0m
  [1m[36mActiveRecord::InternalMetadata Load (0.0ms)[0m  [1m[34mSELECT "ar_internal_metadata".* FROM "ar_internal_metadata" WHERE "ar_internal_metadata"."key" = ? LIMIT ?[0m  [["key", "environment"], ["LIMIT", 1]]
  [1m[36mTRANSACTION (0.0ms)[0m  [1m[36mbegin transaction[0m
  [1m[36mActiveRecord::InternalMetadata Create (0.2ms)[0m  [1m[32mINSERT INTO "ar_internal_metadata" ("key", "value", "created_at", "updated_at") VALUES (?, ?, ?, ?)[0m  [["key", "environment"], ["value", "development"], ["created_at", "2023-05-30 18:13:17.532524"], ["updated_at", "2023-05-30 18:13:17.532524"]]
  [1m[36mTRANSACTION (0.3ms)[0m  [1m[36mcommit transaction[0m
  [1m[36mActiveRecord::SchemaMigration Pluck (0.0ms)[0m  [1m[34mSELECT "schema_migrations"."version" FROM "schema_migrations" ORDER BY "schema_migrations"."version" ASC[0m
Started GET "/" for ::1 at 2023-05-30 14:14:39 -0400
  [1m[36mActiveRecord::SchemaMigration Pluck (0.1ms)[0m  [1m[34mSELECT "schema_migrations"."version" FROM "schema_migrations" ORDER BY "schema_migrations"."version" ASC[0m
Processing by Railsui::PageController#index as HTML
  Rendering layout /Users/laqueel/Library/CloudStorage/OneDrive-Caterpillar/laqueel/rails/railsui/app/views/layouts/railsui/landing.html.erb
  Rendering /Users/laqueel/Library/CloudStorage/OneDrive-Caterpillar/laqueel/rails/railsui/app/views/railsui/page/index.html.erb within layouts/railsui/landing
  Rendered /Users/laqueel/Library/CloudStorage/OneDrive-Caterpillar/laqueel/rails/railsui/app/views/railsui/page/_launchpad.html.erb (Duration: 2106.9ms | Allocations: 1792631)
  Rendered /Users/laqueel/Library/CloudStorage/OneDrive-Caterpillar/laqueel/rails/railsui/app/views/railsui/page/index.html.erb within layouts/railsui/landing (Duration: 2107.5ms | Allocations: 1793339)
  Rendered /Users/laqueel/Library/CloudStorage/OneDrive-Caterpillar/laqueel/rails/railsui/app/views/railsui/shared/_flash.html.erb (Duration: 0.2ms | Allocations: 294)
  Rendered /Users/laqueel/Library/CloudStorage/OneDrive-Caterpillar/laqueel/rails/railsui/app/views/railsui/shared/_scroll_to_top.html.erb (Duration: 1.5ms | Allocations: 2286)
  Rendered layout /Users/laqueel/Library/CloudStorage/OneDrive-Caterpillar/laqueel/rails/railsui/app/views/layouts/railsui/landing.html.erb (Duration: 2114.6ms | Allocations: 1801117)
Completed 200 OK in 2120ms (Views: 2115.6ms | ActiveRecord: 0.0ms | Allocations: 1809148)


Started GET "/railsui/routes" for ::1 at 2023-05-30 14:14:46 -0400
Processing by Railsui::RoutesController#show as HTML
  Rendering layout /Users/laqueel/Library/CloudStorage/OneDrive-Caterpillar/laqueel/rails/railsui/app/views/layouts/railsui/routes.html.erb
  Rendering /Users/laqueel/Library/CloudStorage/OneDrive-Caterpillar/laqueel/rails/railsui/app/views/railsui/routes/show.html.erb within layouts/railsui/routes
  Rendered collection of /Users/laqueel/Library/CloudStorage/OneDrive-Caterpillar/laqueel/rails/railsui/app/views/routes/_route.html.erb [57 times] (Duration: 38.8ms | Allocations: 66832)
  Rendered collection of /Users/laqueel/Library/CloudStorage/OneDrive-Caterpillar/laqueel/rails/railsui/app/views/routes/_route.html.erb [56 times] (Duration: 85.4ms | Allocations: 84403)
  Rendered /Users/laqueel/Library/CloudStorage/OneDrive-Caterpillar/laqueel/rails/railsui/app/views/routes/_table.html.erb (Duration: 0.3ms | Allocations: 174)
  Rendered /Users/laqueel/Library/CloudStorage/OneDrive-Caterpillar/laqueel/rails/railsui/app/views/railsui/routes/show.html.erb within layouts/railsui/routes (Duration: 128.7ms | Allocations: 164145)
  Rendered /Users/laqueel/Library/CloudStorage/OneDrive-Caterpillar/laqueel/rails/railsui/app/views/railsui/shared/_flash.html.erb (Duration: 0.0ms | Allocations: 35)
  Rendered /Users/laqueel/Library/CloudStorage/OneDrive-Caterpillar/laqueel/rails/railsui/app/views/railsui/shared/_logo.html.erb (Duration: 0.2ms | Allocations: 255)
  Rendered /Users/laqueel/Library/CloudStorage/OneDrive-Caterpillar/laqueel/rails/railsui/app/views/railsui/shared/_theme_label.html.erb (Duration: 2.5ms | Allocations: 3569)
  Rendered /Users/laqueel/Library/CloudStorage/OneDrive-Caterpillar/laqueel/rails/railsui/app/views/railsui/shared/_top_nav.html.erb (Duration: 5.4ms | Allocations: 7523)
  Rendered /Users/laqueel/Library/CloudStorage/OneDrive-Caterpillar/laqueel/rails/railsui/app/views/layouts/railsui/_masthead.html.erb (Duration: 11.6ms | Allocations: 15457)
  Rendered /Users/laqueel/Library/CloudStorage/OneDrive-Caterpillar/laqueel/rails/railsui/app/views/railsui/shared/_footer.html.erb (Duration: 1.4ms | Allocations: 1956)
  Rendered /Users/laqueel/Library/CloudStorage/OneDrive-Caterpillar/laqueel/rails/railsui/app/views/railsui/shared/_scroll_to_top.html.erb (Duration: 1.0ms | Allocations: 1954)
  Rendered layout /Users/laqueel/Library/CloudStorage/OneDrive-Caterpillar/laqueel/rails/railsui/app/views/layouts/railsui/routes.html.erb (Duration: 146.1ms | Allocations: 188858)
Completed 200 OK in 147ms (Views: 146.8ms | ActiveRecord: 0.0ms | Allocations: 189925)


Started GET "/railsui" for ::1 at 2023-05-30 14:37:09 -0400
Processing by Railsui::AdminController#show as HTML
  Rendering layout /Users/laqueel/Library/CloudStorage/OneDrive-Caterpillar/laqueel/rails/railsui/app/views/layouts/railsui/fullwidth.html.erb
  Rendering /Users/laqueel/Library/CloudStorage/OneDrive-Caterpillar/laqueel/rails/railsui/app/views/railsui/admin/show.html.erb within layouts/railsui/fullwidth
  Rendered /Users/laqueel/Library/CloudStorage/OneDrive-Caterpillar/laqueel/rails/railsui/app/views/railsui/admin/_field_layout.html.erb (Duration: 10.1ms | Allocations: 9724)
  Rendered /Users/laqueel/Library/CloudStorage/OneDrive-Caterpillar/laqueel/rails/railsui/app/views/railsui/admin/fields/_app_preferences.html.erb (Duration: 11.3ms | Allocations: 10525)
  Rendered /Users/laqueel/Library/CloudStorage/OneDrive-Caterpillar/laqueel/rails/railsui/app/views/railsui/admin/fields/_theme_active.html.erb (Duration: 23.2ms | Allocations: 78381)
  Rendered /Users/laqueel/Library/CloudStorage/OneDrive-Caterpillar/laqueel/rails/railsui/app/views/railsui/admin/fields/_theme_active.html.erb (Duration: 2.9ms | Allocations: 5939)
  Rendered /Users/laqueel/Library/CloudStorage/OneDrive-Caterpillar/laqueel/rails/railsui/app/views/railsui/admin/_field_layout.html.erb (Duration: 26.7ms | Allocations: 84960)
  Rendered /Users/laqueel/Library/CloudStorage/OneDrive-Caterpillar/laqueel/rails/railsui/app/views/railsui/admin/fields/_theme.html.erb (Duration: 27.3ms | Allocations: 85562)
  Rendered /Users/laqueel/Library/CloudStorage/OneDrive-Caterpillar/laqueel/rails/railsui/app/views/railsui/admin/_field_layout.html.erb (Duration: 3.6ms | Allocations: 7634)
  Rendered /Users/laqueel/Library/CloudStorage/OneDrive-Caterpillar/laqueel/rails/railsui/app/views/railsui/admin/fields/_pages.html.erb (Duration: 4.1ms | Allocations: 8308)
  Rendered /Users/laqueel/Library/CloudStorage/OneDrive-Caterpillar/laqueel/rails/railsui/app/views/railsui/admin/fields/_commit.html.erb (Duration: 0.2ms | Allocations: 263)
  Rendered /Users/laqueel/Library/CloudStorage/OneDrive-Caterpillar/laqueel/rails/railsui/app/views/railsui/admin/_loader.html.erb (Duration: 2.0ms | Allocations: 3305)
  Rendered /Users/laqueel/Library/CloudStorage/OneDrive-Caterpillar/laqueel/rails/railsui/app/views/railsui/admin/_form.html.erb (Duration: 47.8ms | Allocations: 110696)
  Rendered /Users/laqueel/Library/CloudStorage/OneDrive-Caterpillar/laqueel/rails/railsui/app/views/railsui/admin/show.html.erb within layouts/railsui/fullwidth (Duration: 48.4ms | Allocations: 111027)
  Rendered /Users/laqueel/Library/CloudStorage/OneDrive-Caterpillar/laqueel/rails/railsui/app/views/railsui/shared/_flash.html.erb (Duration: 0.0ms | Allocations: 35)
  Rendered /Users/laqueel/Library/CloudStorage/OneDrive-Caterpillar/laqueel/rails/railsui/app/views/railsui/shared/_logo.html.erb (Duration: 0.1ms | Allocations: 78)
  Rendered /Users/laqueel/Library/CloudStorage/OneDrive-Caterpillar/laqueel/rails/railsui/app/views/railsui/shared/_theme_label.html.erb (Duration: 1.5ms | Allocations: 3216)
  Rendered /Users/laqueel/Library/CloudStorage/OneDrive-Caterpillar/laqueel/rails/railsui/app/views/railsui/shared/_top_nav.html.erb (Duration: 3.4ms | Allocations: 6858)
  Rendered /Users/laqueel/Library/CloudStorage/OneDrive-Caterpillar/laqueel/rails/railsui/app/views/layouts/railsui/_masthead.html.erb (Duration: 6.7ms | Allocations: 13520)
  Rendered layout /Users/laqueel/Library/CloudStorage/OneDrive-Caterpillar/laqueel/rails/railsui/app/views/layouts/railsui/fullwidth.html.erb (Duration: 57.1ms | Allocations: 129063)
Completed 200 OK in 60ms (Views: 58.1ms | Allocations: 130616)


Started GET "/" for ::1 at 2023-05-30 15:20:31 -0400
Processing by Railsui::PageController#index as HTML
  Rendering layout /Users/laqueel/Library/CloudStorage/OneDrive-Caterpillar/laqueel/rails/railsui/app/views/layouts/railsui/landing.html.erb
  Rendering /Users/laqueel/Library/CloudStorage/OneDrive-Caterpillar/laqueel/rails/railsui/app/views/railsui/page/index.html.erb within layouts/railsui/landing
  Rendered /Users/laqueel/Library/CloudStorage/OneDrive-Caterpillar/laqueel/rails/railsui/app/views/railsui/page/_launchpad.html.erb (Duration: 23.9ms | Allocations: 38660)
  Rendered /Users/laqueel/Library/CloudStorage/OneDrive-Caterpillar/laqueel/rails/railsui/app/views/railsui/page/index.html.erb within layouts/railsui/landing (Duration: 24.0ms | Allocations: 38722)
  Rendered /Users/laqueel/Library/CloudStorage/OneDrive-Caterpillar/laqueel/rails/railsui/app/views/railsui/shared/_flash.html.erb (Duration: 0.0ms | Allocations: 24)
  Rendered /Users/laqueel/Library/CloudStorage/OneDrive-Caterpillar/laqueel/rails/railsui/app/views/railsui/shared/_scroll_to_top.html.erb (Duration: 1.2ms | Allocations: 1952)
  Rendered layout /Users/laqueel/Library/CloudStorage/OneDrive-Caterpillar/laqueel/rails/railsui/app/views/layouts/railsui/landing.html.erb (Duration: 27.5ms | Allocations: 44371)
Completed 200 OK in 28ms (Views: 27.8ms | Allocations: 44693)


Started GET "/railui" for ::1 at 2023-05-30 15:20:41 -0400
  
ActionController::RoutingError (No route matches [GET] "/railui"):
  
Started GET "/railsui" for ::1 at 2023-05-30 15:20:50 -0400
Processing by Railsui::AdminController#show as HTML
  Rendering layout /Users/laqueel/Library/CloudStorage/OneDrive-Caterpillar/laqueel/rails/railsui/app/views/layouts/railsui/fullwidth.html.erb
  Rendering /Users/laqueel/Library/CloudStorage/OneDrive-Caterpillar/laqueel/rails/railsui/app/views/railsui/admin/show.html.erb within layouts/railsui/fullwidth
  Rendered /Users/laqueel/Library/CloudStorage/OneDrive-Caterpillar/laqueel/rails/railsui/app/views/railsui/admin/_field_layout.html.erb (Duration: 4.9ms | Allocations: 8005)
  Rendered /Users/laqueel/Library/CloudStorage/OneDrive-Caterpillar/laqueel/rails/railsui/app/views/railsui/admin/fields/_app_preferences.html.erb (Duration: 5.0ms | Allocations: 8073)
  Rendered /Users/laqueel/Library/CloudStorage/OneDrive-Caterpillar/laqueel/rails/railsui/app/views/railsui/admin/fields/_theme_active.html.erb (Duration: 3.9ms | Allocations: 6452)
  Rendered /Users/laqueel/Library/CloudStorage/OneDrive-Caterpillar/laqueel/rails/railsui/app/views/railsui/admin/fields/_theme_active.html.erb (Duration: 2.6ms | Allocations: 5923)
  Rendered /Users/laqueel/Library/CloudStorage/OneDrive-Caterpillar/laqueel/rails/railsui/app/views/railsui/admin/_field_layout.html.erb (Duration: 6.8ms | Allocations: 12860)
  Rendered /Users/laqueel/Library/CloudStorage/OneDrive-Caterpillar/laqueel/rails/railsui/app/views/railsui/admin/fields/_theme.html.erb (Duration: 6.8ms | Allocations: 12928)
  Rendered /Users/laqueel/Library/CloudStorage/OneDrive-Caterpillar/laqueel/rails/railsui/app/views/railsui/admin/_field_layout.html.erb (Duration: 3.7ms | Allocations: 7046)
  Rendered /Users/laqueel/Library/CloudStorage/OneDrive-Caterpillar/laqueel/rails/railsui/app/views/railsui/admin/fields/_pages.html.erb (Duration: 3.8ms | Allocations: 7114)
  Rendered /Users/laqueel/Library/CloudStorage/OneDrive-Caterpillar/laqueel/rails/railsui/app/views/railsui/admin/fields/_commit.html.erb (Duration: 0.0ms | Allocations: 83)
  Rendered /Users/laqueel/Library/CloudStorage/OneDrive-Caterpillar/laqueel/rails/railsui/app/views/railsui/admin/_loader.html.erb (Duration: 2.0ms | Allocations: 3118)
  Rendered /Users/laqueel/Library/CloudStorage/OneDrive-Caterpillar/laqueel/rails/railsui/app/views/railsui/admin/_form.html.erb (Duration: 18.3ms | Allocations: 32304)
  Rendered /Users/laqueel/Library/CloudStorage/OneDrive-Caterpillar/laqueel/rails/railsui/app/views/railsui/admin/show.html.erb within layouts/railsui/fullwidth (Duration: 18.3ms | Allocations: 32370)
  Rendered /Users/laqueel/Library/CloudStorage/OneDrive-Caterpillar/laqueel/rails/railsui/app/views/railsui/shared/_flash.html.erb (Duration: 0.0ms | Allocations: 30)
  Rendered /Users/laqueel/Library/CloudStorage/OneDrive-Caterpillar/laqueel/rails/railsui/app/views/railsui/shared/_logo.html.erb (Duration: 0.0ms | Allocations: 73)
  Rendered /Users/laqueel/Library/CloudStorage/OneDrive-Caterpillar/laqueel/rails/railsui/app/views/railsui/shared/_theme_label.html.erb (Duration: 1.7ms | Allocations: 3213)
  Rendered /Users/laqueel/Library/CloudStorage/OneDrive-Caterpillar/laqueel/rails/railsui/app/views/railsui/shared/_top_nav.html.erb (Duration: 3.3ms | Allocations: 6872)
  Rendered /Users/laqueel/Library/CloudStorage/OneDrive-Caterpillar/laqueel/rails/railsui/app/views/layouts/railsui/_masthead.html.erb (Duration: 6.6ms | Allocations: 13528)
  Rendered layout /Users/laqueel/Library/CloudStorage/OneDrive-Caterpillar/laqueel/rails/railsui/app/views/layouts/railsui/fullwidth.html.erb (Duration: 26.8ms | Allocations: 49815)
Completed 200 OK in 27ms (Views: 27.0ms | Allocations: 50412)


Started GET "/railsui/systems" for ::1 at 2023-05-30 15:21:44 -0400
Processing by Railsui::SystemsController#show as HTML
  Rendering layout /Users/laqueel/Library/CloudStorage/OneDrive-Caterpillar/laqueel/rails/railsui/app/views/layouts/railsui/application.html.erb
  Rendering /Users/laqueel/Library/CloudStorage/OneDrive-Caterpillar/laqueel/rails/railsui/app/views/railsui/systems/show.html.erb within layouts/railsui/application
  Rendered /Users/laqueel/Library/CloudStorage/OneDrive-Caterpillar/laqueel/rails/railsui/app/views/railsui/shared/_grid_item.html.erb (Duration: 0.4ms | Allocations: 273)
  Rendered /Users/laqueel/Library/CloudStorage/OneDrive-Caterpillar/laqueel/rails/railsui/app/views/railsui/shared/_grid_item.html.erb (Duration: 0.0ms | Allocations: 48)
  Rendered /Users/laqueel/Library/CloudStorage/OneDrive-Caterpillar/laqueel/rails/railsui/app/views/railsui/shared/_grid_item.html.erb (Duration: 0.0ms | Allocations: 49)
  Rendered /Users/laqueel/Library/CloudStorage/OneDrive-Caterpillar/laqueel/rails/railsui/app/views/railsui/shared/_grid_item.html.erb (Duration: 0.0ms | Allocations: 48)
  Rendered /Users/laqueel/Library/CloudStorage/OneDrive-Caterpillar/laqueel/rails/railsui/app/views/railsui/shared/_grid_item.html.erb (Duration: 0.0ms | Allocations: 49)
  Rendered /Users/laqueel/Library/CloudStorage/OneDrive-Caterpillar/laqueel/rails/railsui/app/views/railsui/shared/_grid_item.html.erb (Duration: 0.0ms | Allocations: 49)
  Rendered /Users/laqueel/Library/CloudStorage/OneDrive-Caterpillar/laqueel/rails/railsui/app/views/railsui/shared/_grid_item.html.erb (Duration: 0.0ms | Allocations: 49)
  Rendered /Users/laqueel/Library/CloudStorage/OneDrive-Caterpillar/laqueel/rails/railsui/app/views/railsui/systems/show.html.erb within layouts/railsui/application (Duration: 2.1ms | Allocations: 1738)
  Rendered /Users/laqueel/Library/CloudStorage/OneDrive-Caterpillar/laqueel/rails/railsui/app/views/railsui/shared/_flash.html.erb (Duration: 0.0ms | Allocations: 35)
  Rendered /Users/laqueel/Library/CloudStorage/OneDrive-Caterpillar/laqueel/rails/railsui/app/views/railsui/shared/_logo.html.erb (Duration: 0.1ms | Allocations: 77)
  Rendered /Users/laqueel/Library/CloudStorage/OneDrive-Caterpillar/laqueel/rails/railsui/app/views/railsui/shared/_theme_label.html.erb (Duration: 2.5ms | Allocations: 3233)
  Rendered /Users/laqueel/Library/CloudStorage/OneDrive-Caterpillar/laqueel/rails/railsui/app/views/railsui/shared/_top_nav.html.erb (Duration: 4.7ms | Allocations: 6855)
  Rendered /Users/laqueel/Library/CloudStorage/OneDrive-Caterpillar/laqueel/rails/railsui/app/views/layouts/railsui/_masthead.html.erb (Duration: 10.1ms | Allocations: 13628)
  Rendered /Users/laqueel/Library/CloudStorage/OneDrive-Caterpillar/laqueel/rails/railsui/app/views/railsui/shared/_top_nav.html.erb (Duration: 4.0ms | Allocations: 6832)
  Rendered /Users/laqueel/Library/CloudStorage/OneDrive-Caterpillar/laqueel/rails/railsui/app/views/railsui/themes/bootstrap/retriever/_nav.html.erb (Duration: 8.0ms | Allocations: 12961)
  Rendered /Users/laqueel/Library/CloudStorage/OneDrive-Caterpillar/laqueel/rails/railsui/app/views/railsui/shared/_footer.html.erb (Duration: 0.9ms | Allocations: 1693)
  Rendered /Users/laqueel/Library/CloudStorage/OneDrive-Caterpillar/laqueel/rails/railsui/app/views/railsui/shared/_scroll_to_top.html.erb (Duration: 1.0ms | Allocations: 1954)
  Rendered layout /Users/laqueel/Library/CloudStorage/OneDrive-Caterpillar/laqueel/rails/railsui/app/views/layouts/railsui/application.html.erb (Duration: 30.9ms | Allocations: 44435)
Completed 200 OK in 33ms (Views: 32.5ms | Allocations: 45638)


Started GET "/railsui/systems/content" for ::1 at 2023-05-30 15:21:50 -0400
Processing by Railsui::SystemsController#content as HTML
  Rendering layout /Users/laqueel/Library/CloudStorage/OneDrive-Caterpillar/laqueel/rails/railsui/app/views/layouts/railsui/application.html.erb
  Rendering /Users/laqueel/Library/CloudStorage/OneDrive-Caterpillar/laqueel/rails/railsui/app/views/railsui/systems/content.html.erb within layouts/railsui/application
  Rendered /Users/laqueel/Library/CloudStorage/OneDrive-Caterpillar/laqueel/rails/railsui/app/views/railsui/shared/_header.html.erb (Duration: 3.2ms | Allocations: 2201)
  Rendered /Users/laqueel/Library/CloudStorage/OneDrive-Caterpillar/laqueel/rails/railsui/app/views/railsui/shared/_grid_item.html.erb (Duration: 0.3ms | Allocations: 49)
  Rendered /Users/laqueel/Library/CloudStorage/OneDrive-Caterpillar/laqueel/rails/railsui/app/views/railsui/shared/_grid_item.html.erb (Duration: 0.0ms | Allocations: 49)
  Rendered /Users/laqueel/Library/CloudStorage/OneDrive-Caterpillar/laqueel/rails/railsui/app/views/railsui/shared/_grid_item.html.erb (Duration: 0.0ms | Allocations: 49)
  Rendered /Users/laqueel/Library/CloudStorage/OneDrive-Caterpillar/laqueel/rails/railsui/app/views/railsui/shared/_grid_item.html.erb (Duration: 0.0ms | Allocations: 49)
  Rendered /Users/laqueel/Library/CloudStorage/OneDrive-Caterpillar/laqueel/rails/railsui/app/views/railsui/shared/_grid_item.html.erb (Duration: 0.0ms | Allocations: 49)
  Rendered /Users/laqueel/Library/CloudStorage/OneDrive-Caterpillar/laqueel/rails/railsui/app/views/railsui/themes/bootstrap/retriever/_content.html.erb (Duration: 1.4ms | Allocations: 931)
  Rendered /Users/laqueel/Library/CloudStorage/OneDrive-Caterpillar/laqueel/rails/railsui/app/views/railsui/systems/content.html.erb within layouts/railsui/application (Duration: 6.4ms | Allocations: 3584)
  Rendered /Users/laqueel/Library/CloudStorage/OneDrive-Caterpillar/laqueel/rails/railsui/app/views/railsui/shared/_flash.html.erb (Duration: 0.0ms | Allocations: 24)
  Rendered /Users/laqueel/Library/CloudStorage/OneDrive-Caterpillar/laqueel/rails/railsui/app/views/railsui/shared/_logo.html.erb (Duration: 0.1ms | Allocations: 73)
  Rendered /Users/laqueel/Library/CloudStorage/OneDrive-Caterpillar/laqueel/rails/railsui/app/views/railsui/shared/_theme_label.html.erb (Duration: 2.9ms | Allocations: 3208)
  Rendered /Users/laqueel/Library/CloudStorage/OneDrive-Caterpillar/laqueel/rails/railsui/app/views/railsui/shared/_top_nav.html.erb (Duration: 5.7ms | Allocations: 6831)
  Rendered /Users/laqueel/Library/CloudStorage/OneDrive-Caterpillar/laqueel/rails/railsui/app/views/layouts/railsui/_masthead.html.erb (Duration: 12.4ms | Allocations: 13466)
  Rendered /Users/laqueel/Library/CloudStorage/OneDrive-Caterpillar/laqueel/rails/railsui/app/views/railsui/shared/_top_nav.html.erb (Duration: 4.9ms | Allocations: 6834)
  Rendered /Users/laqueel/Library/CloudStorage/OneDrive-Caterpillar/laqueel/rails/railsui/app/views/railsui/themes/bootstrap/retriever/_nav.html.erb (Duration: 7.5ms | Allocations: 10819)
  Rendered /Users/laqueel/Library/CloudStorage/OneDrive-Caterpillar/laqueel/rails/railsui/app/views/railsui/shared/_footer.html.erb (Duration: 1.1ms | Allocations: 1680)
  Rendered /Users/laqueel/Library/CloudStorage/OneDrive-Caterpillar/laqueel/rails/railsui/app/views/railsui/shared/_scroll_to_top.html.erb (Duration: 1.2ms | Allocations: 1947)
  Rendered layout /Users/laqueel/Library/CloudStorage/OneDrive-Caterpillar/laqueel/rails/railsui/app/views/layouts/railsui/application.html.erb (Duration: 37.9ms | Allocations: 42853)
Completed 200 OK in 40ms (Views: 38.6ms | Allocations: 43295)


Started GET "/railsui/systems/scaffolds" for ::1 at 2023-05-30 15:22:00 -0400
Processing by Railsui::SystemsController#scaffolds as HTML
  Rendering layout /Users/laqueel/Library/CloudStorage/OneDrive-Caterpillar/laqueel/rails/railsui/app/views/layouts/railsui/application.html.erb
  Rendering /Users/laqueel/Library/CloudStorage/OneDrive-Caterpillar/laqueel/rails/railsui/app/views/railsui/systems/scaffolds.html.erb within layouts/railsui/application
  Rendered /Users/laqueel/Library/CloudStorage/OneDrive-Caterpillar/laqueel/rails/railsui/app/views/railsui/shared/_header.html.erb (Duration: 3.3ms | Allocations: 1801)
  Rendered /Users/laqueel/Library/CloudStorage/OneDrive-Caterpillar/laqueel/rails/railsui/app/views/railsui/shared/_sticky_subhead.html.erb (Duration: 0.6ms | Allocations: 402)
  Rendered /Users/laqueel/Library/CloudStorage/OneDrive-Caterpillar/laqueel/rails/railsui/app/views/railsui/shared/_snippet.html.erb (Duration: 2.8ms | Allocations: 2921)
  Rendered /Users/laqueel/Library/CloudStorage/OneDrive-Caterpillar/laqueel/rails/railsui/app/views/railsui/shared/_callout.html.erb (Duration: 2.2ms | Allocations: 2261)
  Rendered /Users/laqueel/Library/CloudStorage/OneDrive-Caterpillar/laqueel/rails/railsui/app/views/railsui/shared/_snippet.html.erb (Duration: 3.9ms | Allocations: 4653)
  Rendered /Users/laqueel/Library/CloudStorage/OneDrive-Caterpillar/laqueel/rails/railsui/app/views/railsui/shared/_sticky_subhead.html.erb (Duration: 0.1ms | Allocations: 154)
  Rendered /Users/laqueel/Library/CloudStorage/OneDrive-Caterpillar/laqueel/rails/railsui/app/views/railsui/shared/_snippet.html.erb (Duration: 3.5ms | Allocations: 4651)
  Rendered /Users/laqueel/Library/CloudStorage/OneDrive-Caterpillar/laqueel/rails/railsui/app/views/railsui/shared/_sticky_subhead.html.erb (Duration: 0.1ms | Allocations: 154)
  Rendered /Users/laqueel/Library/CloudStorage/OneDrive-Caterpillar/laqueel/rails/railsui/app/views/railsui/shared/_snippet.html.erb (Duration: 3.3ms | Allocations: 4651)
  Rendered /Users/laqueel/Library/CloudStorage/OneDrive-Caterpillar/laqueel/rails/railsui/app/views/railsui/shared/_sticky_subhead.html.erb (Duration: 0.1ms | Allocations: 154)
  Rendered /Users/laqueel/Library/CloudStorage/OneDrive-Caterpillar/laqueel/rails/railsui/app/views/railsui/shared/_snippet.html.erb (Duration: 3.3ms | Allocations: 4651)
  Rendered /Users/laqueel/Library/CloudStorage/OneDrive-Caterpillar/laqueel/rails/railsui/app/views/railsui/shared/_sticky_subhead.html.erb (Duration: 0.1ms | Allocations: 154)
  Rendered /Users/laqueel/Library/CloudStorage/OneDrive-Caterpillar/laqueel/rails/railsui/app/views/railsui/shared/_snippet.html.erb (Duration: 2.9ms | Allocations: 4651)
  Rendered /Users/laqueel/Library/CloudStorage/OneDrive-Caterpillar/laqueel/rails/railsui/app/views/railsui/shared/_pagination.html.erb (Duration: 3.2ms | Allocations: 4421)
  Rendered /Users/laqueel/Library/CloudStorage/OneDrive-Caterpillar/laqueel/rails/railsui/app/views/railsui/themes/bootstrap/retriever/_scaffolds.html.erb (Duration: 30.5ms | Allocations: 37964)
  Rendered /Users/laqueel/Library/CloudStorage/OneDrive-Caterpillar/laqueel/rails/railsui/app/views/railsui/systems/scaffolds.html.erb within layouts/railsui/application (Duration: 35.0ms | Allocations: 40124)
  Rendered /Users/laqueel/Library/CloudStorage/OneDrive-Caterpillar/laqueel/rails/railsui/app/views/railsui/shared/_flash.html.erb (Duration: 0.0ms | Allocations: 24)
  Rendered /Users/laqueel/Library/CloudStorage/OneDrive-Caterpillar/laqueel/rails/railsui/app/views/railsui/shared/_logo.html.erb (Duration: 0.1ms | Allocations: 73)
  Rendered /Users/laqueel/Library/CloudStorage/OneDrive-Caterpillar/laqueel/rails/railsui/app/views/railsui/shared/_theme_label.html.erb (Duration: 2.1ms | Allocations: 3208)
  Rendered /Users/laqueel/Library/CloudStorage/OneDrive-Caterpillar/laqueel/rails/railsui/app/views/railsui/shared/_top_nav.html.erb (Duration: 3.6ms | Allocations: 6831)
  Rendered /Users/laqueel/Library/CloudStorage/OneDrive-Caterpillar/laqueel/rails/railsui/app/views/layouts/railsui/_masthead.html.erb (Duration: 7.8ms | Allocations: 13466)
  Rendered /Users/laqueel/Library/CloudStorage/OneDrive-Caterpillar/laqueel/rails/railsui/app/views/railsui/shared/_top_nav.html.erb (Duration: 6.7ms | Allocations: 6833)
  Rendered /Users/laqueel/Library/CloudStorage/OneDrive-Caterpillar/laqueel/rails/railsui/app/views/railsui/themes/bootstrap/retriever/_nav.html.erb (Duration: 5.7ms | Allocations: 10849)
  Rendered /Users/laqueel/Library/CloudStorage/OneDrive-Caterpillar/laqueel/rails/railsui/app/views/railsui/shared/_footer.html.erb (Duration: 0.8ms | Allocations: 1687)
  Rendered /Users/laqueel/Library/CloudStorage/OneDrive-Caterpillar/laqueel/rails/railsui/app/views/railsui/shared/_scroll_to_top.html.erb (Duration: 1.0ms | Allocations: 1951)
  Rendered layout /Users/laqueel/Library/CloudStorage/OneDrive-Caterpillar/laqueel/rails/railsui/app/views/layouts/railsui/application.html.erb (Duration: 59.9ms | Allocations: 79460)
Completed 200 OK in 61ms (Views: 60.4ms | Allocations: 79887)


Started GET "/railsui/systems/pages" for ::1 at 2023-05-30 15:24:49 -0400
Processing by Railsui::SystemsController#pages as HTML
  Rendering layout /Users/laqueel/Library/CloudStorage/OneDrive-Caterpillar/laqueel/rails/railsui/app/views/layouts/railsui/application.html.erb
  Rendering /Users/laqueel/Library/CloudStorage/OneDrive-Caterpillar/laqueel/rails/railsui/app/views/railsui/systems/pages.html.erb within layouts/railsui/application
  Rendered /Users/laqueel/Library/CloudStorage/OneDrive-Caterpillar/laqueel/rails/railsui/app/views/railsui/shared/_header.html.erb (Duration: 3.9ms | Allocations: 1810)
  Rendered /Users/laqueel/Library/CloudStorage/OneDrive-Caterpillar/laqueel/rails/railsui/app/views/railsui/shared/_sticky_subhead.html.erb (Duration: 1.0ms | Allocations: 437)
  Rendered /Users/laqueel/Library/CloudStorage/OneDrive-Caterpillar/laqueel/rails/railsui/app/views/railsui/shared/_sticky_subhead.html.erb (Duration: 0.1ms | Allocations: 195)
  Rendered /Users/laqueel/Library/CloudStorage/OneDrive-Caterpillar/laqueel/rails/railsui/app/views/railsui/shared/_pagination.html.erb (Duration: 4.1ms | Allocations: 3956)
  Rendered /Users/laqueel/Library/CloudStorage/OneDrive-Caterpillar/laqueel/rails/railsui/app/views/railsui/themes/bootstrap/retriever/_pages.html.erb (Duration: 6.8ms | Allocations: 5412)
  Rendered /Users/laqueel/Library/CloudStorage/OneDrive-Caterpillar/laqueel/rails/railsui/app/views/railsui/systems/pages.html.erb within layouts/railsui/application (Duration: 12.1ms | Allocations: 7583)
  Rendered /Users/laqueel/Library/CloudStorage/OneDrive-Caterpillar/laqueel/rails/railsui/app/views/railsui/shared/_flash.html.erb (Duration: 0.1ms | Allocations: 24)
  Rendered /Users/laqueel/Library/CloudStorage/OneDrive-Caterpillar/laqueel/rails/railsui/app/views/railsui/shared/_logo.html.erb (Duration: 0.1ms | Allocations: 73)
  Rendered /Users/laqueel/Library/CloudStorage/OneDrive-Caterpillar/laqueel/rails/railsui/app/views/railsui/shared/_theme_label.html.erb (Duration: 3.0ms | Allocations: 3215)
  Rendered /Users/laqueel/Library/CloudStorage/OneDrive-Caterpillar/laqueel/rails/railsui/app/views/railsui/shared/_top_nav.html.erb (Duration: 5.5ms | Allocations: 6852)
  Rendered /Users/laqueel/Library/CloudStorage/OneDrive-Caterpillar/laqueel/rails/railsui/app/views/layouts/railsui/_masthead.html.erb (Duration: 11.7ms | Allocations: 13509)
  Rendered /Users/laqueel/Library/CloudStorage/OneDrive-Caterpillar/laqueel/rails/railsui/app/views/railsui/shared/_top_nav.html.erb (Duration: 5.0ms | Allocations: 6831)
  Rendered /Users/laqueel/Library/CloudStorage/OneDrive-Caterpillar/laqueel/rails/railsui/app/views/railsui/themes/bootstrap/retriever/_nav.html.erb (Duration: 7.4ms | Allocations: 10820)
  Rendered /Users/laqueel/Library/CloudStorage/OneDrive-Caterpillar/laqueel/rails/railsui/app/views/railsui/shared/_footer.html.erb (Duration: 1.1ms | Allocations: 1680)
  Rendered /Users/laqueel/Library/CloudStorage/OneDrive-Caterpillar/laqueel/rails/railsui/app/views/railsui/shared/_scroll_to_top.html.erb (Duration: 1.3ms | Allocations: 1948)
  Rendered layout /Users/laqueel/Library/CloudStorage/OneDrive-Caterpillar/laqueel/rails/railsui/app/views/layouts/railsui/application.html.erb (Duration: 42.9ms | Allocations: 46917)
Completed 200 OK in 44ms (Views: 43.3ms | Allocations: 47342)


Started GET "/railsui/systems/content/tables" for ::1 at 2023-05-30 15:25:08 -0400
Processing by Railsui::Systems::ContentController#tables as HTML
  Rendering layout /Users/laqueel/Library/CloudStorage/OneDrive-Caterpillar/laqueel/rails/railsui/app/views/layouts/railsui/application.html.erb
  Rendering /Users/laqueel/Library/CloudStorage/OneDrive-Caterpillar/laqueel/rails/railsui/app/views/railsui/systems/content/tables.html.erb within layouts/railsui/application
  Rendered /Users/laqueel/Library/CloudStorage/OneDrive-Caterpillar/laqueel/rails/railsui/app/views/railsui/shared/_header.html.erb (Duration: 2.8ms | Allocations: 2247)
  Rendered /Users/laqueel/Library/CloudStorage/OneDrive-Caterpillar/laqueel/rails/railsui/app/views/railsui/shared/_sticky_subhead.html.erb (Duration: 0.1ms | Allocations: 160)
  Rendered /Users/laqueel/Library/CloudStorage/OneDrive-Caterpillar/laqueel/rails/railsui/app/views/railsui/shared/_snippet.html.erb (Duration: 4.1ms | Allocations: 4668)
  Rendered /Users/laqueel/Library/CloudStorage/OneDrive-Caterpillar/laqueel/rails/railsui/app/views/railsui/shared/_sticky_subhead.html.erb (Duration: 0.1ms | Allocations: 154)
  Rendered /Users/laqueel/Library/CloudStorage/OneDrive-Caterpillar/laqueel/rails/railsui/app/views/railsui/shared/_snippet.html.erb (Duration: 3.2ms | Allocations: 4651)
  Rendered /Users/laqueel/Library/CloudStorage/OneDrive-Caterpillar/laqueel/rails/railsui/app/views/railsui/shared/_sticky_subhead.html.erb (Duration: 0.1ms | Allocations: 154)
  Rendered /Users/laqueel/Library/CloudStorage/OneDrive-Caterpillar/laqueel/rails/railsui/app/views/railsui/shared/_snippet.html.erb (Duration: 3.0ms | Allocations: 4651)
  Rendered /Users/laqueel/Library/CloudStorage/OneDrive-Caterpillar/laqueel/rails/railsui/app/views/railsui/shared/_sticky_subhead.html.erb (Duration: 0.1ms | Allocations: 154)
  Rendered /Users/laqueel/Library/CloudStorage/OneDrive-Caterpillar/laqueel/rails/railsui/app/views/railsui/shared/_snippet.html.erb (Duration: 2.9ms | Allocations: 4651)
  Rendered /Users/laqueel/Library/CloudStorage/OneDrive-Caterpillar/laqueel/rails/railsui/app/views/railsui/shared/_pagination.html.erb (Duration: 2.3ms | Allocations: 3963)
  Rendered /Users/laqueel/Library/CloudStorage/OneDrive-Caterpillar/laqueel/rails/railsui/app/views/railsui/shared/_read_more.html.erb (Duration: 1.3ms | Allocations: 1795)
  Rendered /Users/laqueel/Library/CloudStorage/OneDrive-Caterpillar/laqueel/rails/railsui/app/views/railsui/themes/bootstrap/retriever/content/_tables.html.erb (Duration: 20.4ms | Allocations: 29970)
  Rendered /Users/laqueel/Library/CloudStorage/OneDrive-Caterpillar/laqueel/rails/railsui/app/views/railsui/systems/content/tables.html.erb within layouts/railsui/application (Duration: 24.0ms | Allocations: 32623)
  Rendered /Users/laqueel/Library/CloudStorage/OneDrive-Caterpillar/laqueel/rails/railsui/app/views/railsui/shared/_flash.html.erb (Duration: 0.0ms | Allocations: 35)
  Rendered /Users/laqueel/Library/CloudStorage/OneDrive-Caterpillar/laqueel/rails/railsui/app/views/railsui/shared/_logo.html.erb (Duration: 0.1ms | Allocations: 77)
  Rendered /Users/laqueel/Library/CloudStorage/OneDrive-Caterpillar/laqueel/rails/railsui/app/views/railsui/shared/_theme_label.html.erb (Duration: 1.9ms | Allocations: 3240)
  Rendered /Users/laqueel/Library/CloudStorage/OneDrive-Caterpillar/laqueel/rails/railsui/app/views/railsui/shared/_top_nav.html.erb (Duration: 3.6ms | Allocations: 6869)
  Rendered /Users/laqueel/Library/CloudStorage/OneDrive-Caterpillar/laqueel/rails/railsui/app/views/layouts/railsui/_masthead.html.erb (Duration: 7.6ms | Allocations: 13566)
  Rendered /Users/laqueel/Library/CloudStorage/OneDrive-Caterpillar/laqueel/rails/railsui/app/views/railsui/shared/_top_nav.html.erb (Duration: 3.3ms | Allocations: 6831)
  Rendered /Users/laqueel/Library/CloudStorage/OneDrive-Caterpillar/laqueel/rails/railsui/app/views/railsui/themes/bootstrap/retriever/_nav.html.erb (Duration: 5.1ms | Allocations: 10986)
  Rendered /Users/laqueel/Library/CloudStorage/OneDrive-Caterpillar/laqueel/rails/railsui/app/views/railsui/shared/_footer.html.erb (Duration: 0.8ms | Allocations: 1693)
  Rendered /Users/laqueel/Library/CloudStorage/OneDrive-Caterpillar/laqueel/rails/railsui/app/views/railsui/shared/_scroll_to_top.html.erb (Duration: 0.8ms | Allocations: 1953)
  Rendered layout /Users/laqueel/Library/CloudStorage/OneDrive-Caterpillar/laqueel/rails/railsui/app/views/layouts/railsui/application.html.erb (Duration: 44.3ms | Allocations: 72352)
Completed 200 OK in 46ms (Views: 45.4ms | Allocations: 73444)


Started GET "/railsui/systems/pages" for ::1 at 2023-05-30 15:25:26 -0400
Processing by Railsui::SystemsController#pages as HTML
  Rendering layout /Users/laqueel/Library/CloudStorage/OneDrive-Caterpillar/laqueel/rails/railsui/app/views/layouts/railsui/application.html.erb
  Rendering /Users/laqueel/Library/CloudStorage/OneDrive-Caterpillar/laqueel/rails/railsui/app/views/railsui/systems/pages.html.erb within layouts/railsui/application
  Rendered /Users/laqueel/Library/CloudStorage/OneDrive-Caterpillar/laqueel/rails/railsui/app/views/railsui/shared/_header.html.erb (Duration: 2.8ms | Allocations: 1801)
  Rendered /Users/laqueel/Library/CloudStorage/OneDrive-Caterpillar/laqueel/rails/railsui/app/views/railsui/shared/_sticky_subhead.html.erb (Duration: 0.2ms | Allocations: 195)
  Rendered /Users/laqueel/Library/CloudStorage/OneDrive-Caterpillar/laqueel/rails/railsui/app/views/railsui/shared/_sticky_subhead.html.erb (Duration: 0.1ms | Allocations: 195)
  Rendered /Users/laqueel/Library/CloudStorage/OneDrive-Caterpillar/laqueel/rails/railsui/app/views/railsui/shared/_pagination.html.erb (Duration: 3.6ms | Allocations: 3948)
  Rendered /Users/laqueel/Library/CloudStorage/OneDrive-Caterpillar/laqueel/rails/railsui/app/views/railsui/themes/bootstrap/retriever/_pages.html.erb (Duration: 4.3ms | Allocations: 4765)
  Rendered /Users/laqueel/Library/CloudStorage/OneDrive-Caterpillar/laqueel/rails/railsui/app/views/railsui/systems/pages.html.erb within layouts/railsui/application (Duration: 7.4ms | Allocations: 6686)
  Rendered /Users/laqueel/Library/CloudStorage/OneDrive-Caterpillar/laqueel/rails/railsui/app/views/railsui/shared/_flash.html.erb (Duration: 0.0ms | Allocations: 24)
  Rendered /Users/laqueel/Library/CloudStorage/OneDrive-Caterpillar/laqueel/rails/railsui/app/views/railsui/shared/_logo.html.erb (Duration: 0.1ms | Allocations: 73)
  Rendered /Users/laqueel/Library/CloudStorage/OneDrive-Caterpillar/laqueel/rails/railsui/app/views/railsui/shared/_theme_label.html.erb (Duration: 3.1ms | Allocations: 3208)
  Rendered /Users/laqueel/Library/CloudStorage/OneDrive-Caterpillar/laqueel/rails/railsui/app/views/railsui/shared/_top_nav.html.erb (Duration: 5.5ms | Allocations: 6832)
  Rendered /Users/laqueel/Library/CloudStorage/OneDrive-Caterpillar/laqueel/rails/railsui/app/views/layouts/railsui/_masthead.html.erb (Duration: 12.0ms | Allocations: 13467)
  Rendered /Users/laqueel/Library/CloudStorage/OneDrive-Caterpillar/laqueel/rails/railsui/app/views/railsui/shared/_top_nav.html.erb (Duration: 4.9ms | Allocations: 6831)
  Rendered /Users/laqueel/Library/CloudStorage/OneDrive-Caterpillar/laqueel/rails/railsui/app/views/railsui/themes/bootstrap/retriever/_nav.html.erb (Duration: 6.8ms | Allocations: 10820)
  Rendered /Users/laqueel/Library/CloudStorage/OneDrive-Caterpillar/laqueel/rails/railsui/app/views/railsui/shared/_footer.html.erb (Duration: 1.2ms | Allocations: 1680)
  Rendered /Users/laqueel/Library/CloudStorage/OneDrive-Caterpillar/laqueel/rails/railsui/app/views/railsui/shared/_scroll_to_top.html.erb (Duration: 1.2ms | Allocations: 1947)
  Rendered layout /Users/laqueel/Library/CloudStorage/OneDrive-Caterpillar/laqueel/rails/railsui/app/views/layouts/railsui/application.html.erb (Duration: 37.8ms | Allocations: 45952)
Completed 200 OK in 38ms (Views: 38.2ms | Allocations: 46295)


Started GET "/railsui/systems" for ::1 at 2023-05-30 15:31:02 -0400
Processing by Railsui::SystemsController#show as HTML
  Rendering layout /Users/laqueel/Library/CloudStorage/OneDrive-Caterpillar/laqueel/rails/railsui/app/views/layouts/railsui/application.html.erb
  Rendering /Users/laqueel/Library/CloudStorage/OneDrive-Caterpillar/laqueel/rails/railsui/app/views/railsui/systems/show.html.erb within layouts/railsui/application
  Rendered /Users/laqueel/Library/CloudStorage/OneDrive-Caterpillar/laqueel/rails/railsui/app/views/railsui/shared/_grid_item.html.erb (Duration: 0.1ms | Allocations: 51)
  Rendered /Users/laqueel/Library/CloudStorage/OneDrive-Caterpillar/laqueel/rails/railsui/app/views/railsui/shared/_grid_item.html.erb (Duration: 0.4ms | Allocations: 48)
  Rendered /Users/laqueel/Library/CloudStorage/OneDrive-Caterpillar/laqueel/rails/railsui/app/views/railsui/shared/_grid_item.html.erb (Duration: 0.1ms | Allocations: 49)
  Rendered /Users/laqueel/Library/CloudStorage/OneDrive-Caterpillar/laqueel/rails/railsui/app/views/railsui/shared/_grid_item.html.erb (Duration: 0.1ms | Allocations: 48)
  Rendered /Users/laqueel/Library/CloudStorage/OneDrive-Caterpillar/laqueel/rails/railsui/app/views/railsui/shared/_grid_item.html.erb (Duration: 0.1ms | Allocations: 49)
  Rendered /Users/laqueel/Library/CloudStorage/OneDrive-Caterpillar/laqueel/rails/railsui/app/views/railsui/shared/_grid_item.html.erb (Duration: 0.1ms | Allocations: 49)
  Rendered /Users/laqueel/Library/CloudStorage/OneDrive-Caterpillar/laqueel/rails/railsui/app/views/railsui/shared/_grid_item.html.erb (Duration: 0.1ms | Allocations: 49)
  Rendered /Users/laqueel/Library/CloudStorage/OneDrive-Caterpillar/laqueel/rails/railsui/app/views/railsui/systems/show.html.erb within layouts/railsui/application (Duration: 1.8ms | Allocations: 945)
  Rendered /Users/laqueel/Library/CloudStorage/OneDrive-Caterpillar/laqueel/rails/railsui/app/views/railsui/shared/_flash.html.erb (Duration: 0.0ms | Allocations: 24)
  Rendered /Users/laqueel/Library/CloudStorage/OneDrive-Caterpillar/laqueel/rails/railsui/app/views/railsui/shared/_logo.html.erb (Duration: 0.1ms | Allocations: 73)
  Rendered /Users/laqueel/Library/CloudStorage/OneDrive-Caterpillar/laqueel/rails/railsui/app/views/railsui/shared/_theme_label.html.erb (Duration: 4.1ms | Allocations: 3208)
  Rendered /Users/laqueel/Library/CloudStorage/OneDrive-Caterpillar/laqueel/rails/railsui/app/views/railsui/shared/_top_nav.html.erb (Duration: 5.9ms | Allocations: 6832)
  Rendered /Users/laqueel/Library/CloudStorage/OneDrive-Caterpillar/laqueel/rails/railsui/app/views/layouts/railsui/_masthead.html.erb (Duration: 14.5ms | Allocations: 13467)
  Rendered /Users/laqueel/Library/CloudStorage/OneDrive-Caterpillar/laqueel/rails/railsui/app/views/railsui/shared/_top_nav.html.erb (Duration: 5.3ms | Allocations: 6832)
  Rendered /Users/laqueel/Library/CloudStorage/OneDrive-Caterpillar/laqueel/rails/railsui/app/views/railsui/themes/bootstrap/retriever/_nav.html.erb (Duration: 6.9ms | Allocations: 10819)
  Rendered /Users/laqueel/Library/CloudStorage/OneDrive-Caterpillar/laqueel/rails/railsui/app/views/railsui/shared/_footer.html.erb (Duration: 1.5ms | Allocations: 1680)
  Rendered /Users/laqueel/Library/CloudStorage/OneDrive-Caterpillar/laqueel/rails/railsui/app/views/railsui/shared/_scroll_to_top.html.erb (Duration: 1.2ms | Allocations: 1947)
  Rendered layout /Users/laqueel/Library/CloudStorage/OneDrive-Caterpillar/laqueel/rails/railsui/app/views/layouts/railsui/application.html.erb (Duration: 36.8ms | Allocations: 40222)
Completed 200 OK in 38ms (Views: 37.2ms | Allocations: 40548)


Started GET "/railsui/systems/components" for ::1 at 2023-05-30 15:35:03 -0400
Processing by Railsui::SystemsController#components as HTML
  Rendering layout /Users/laqueel/Library/CloudStorage/OneDrive-Caterpillar/laqueel/rails/railsui/app/views/layouts/railsui/application.html.erb
  Rendering /Users/laqueel/Library/CloudStorage/OneDrive-Caterpillar/laqueel/rails/railsui/app/views/railsui/systems/components.html.erb within layouts/railsui/application
  Rendered /Users/laqueel/Library/CloudStorage/OneDrive-Caterpillar/laqueel/rails/railsui/app/views/railsui/shared/_header.html.erb (Duration: 2.9ms | Allocations: 1799)
  Rendered /Users/laqueel/Library/CloudStorage/OneDrive-Caterpillar/laqueel/rails/railsui/app/views/railsui/shared/_grid_item.html.erb (Duration: 0.1ms | Allocations: 50)
  Rendered /Users/laqueel/Library/CloudStorage/OneDrive-Caterpillar/laqueel/rails/railsui/app/views/railsui/shared/_grid_item.html.erb (Duration: 0.1ms | Allocations: 50)
  Rendered /Users/laqueel/Library/CloudStorage/OneDrive-Caterpillar/laqueel/rails/railsui/app/views/railsui/shared/_grid_item.html.erb (Duration: 0.0ms | Allocations: 50)
  Rendered /Users/laqueel/Library/CloudStorage/OneDrive-Caterpillar/laqueel/rails/railsui/app/views/railsui/shared/_grid_item.html.erb (Duration: 0.0ms | Allocations: 50)
  Rendered /Users/laqueel/Library/CloudStorage/OneDrive-Caterpillar/laqueel/rails/railsui/app/views/railsui/shared/_grid_item.html.erb (Duration: 0.1ms | Allocations: 50)
  Rendered /Users/laqueel/Library/CloudStorage/OneDrive-Caterpillar/laqueel/rails/railsui/app/views/railsui/shared/_grid_item.html.erb (Duration: 0.0ms | Allocations: 50)
  Rendered /Users/laqueel/Library/CloudStorage/OneDrive-Caterpillar/laqueel/rails/railsui/app/views/railsui/shared/_grid_item.html.erb (Duration: 0.0ms | Allocations: 50)
  Rendered /Users/laqueel/Library/CloudStorage/OneDrive-Caterpillar/laqueel/rails/railsui/app/views/railsui/shared/_grid_item.html.erb (Duration: 0.0ms | Allocations: 50)
  Rendered /Users/laqueel/Library/CloudStorage/OneDrive-Caterpillar/laqueel/rails/railsui/app/views/railsui/shared/_grid_item.html.erb (Duration: 0.0ms | Allocations: 50)
  Rendered /Users/laqueel/Library/CloudStorage/OneDrive-Caterpillar/laqueel/rails/railsui/app/views/railsui/shared/_grid_item.html.erb (Duration: 0.0ms | Allocations: 50)
  Rendered /Users/laqueel/Library/CloudStorage/OneDrive-Caterpillar/laqueel/rails/railsui/app/views/railsui/shared/_grid_item.html.erb (Duration: 0.1ms | Allocations: 50)
  Rendered /Users/laqueel/Library/CloudStorage/OneDrive-Caterpillar/laqueel/rails/railsui/app/views/railsui/shared/_grid_item.html.erb (Duration: 0.4ms | Allocations: 50)
  Rendered /Users/laqueel/Library/CloudStorage/OneDrive-Caterpillar/laqueel/rails/railsui/app/views/railsui/shared/_grid_item.html.erb (Duration: 0.1ms | Allocations: 50)
  Rendered /Users/laqueel/Library/CloudStorage/OneDrive-Caterpillar/laqueel/rails/railsui/app/views/railsui/shared/_grid_item.html.erb (Duration: 0.0ms | Allocations: 50)
  Rendered /Users/laqueel/Library/CloudStorage/OneDrive-Caterpillar/laqueel/rails/railsui/app/views/railsui/shared/_grid_item.html.erb (Duration: 0.0ms | Allocations: 50)
  Rendered /Users/laqueel/Library/CloudStorage/OneDrive-Caterpillar/laqueel/rails/railsui/app/views/railsui/themes/bootstrap/retriever/_components.html.erb (Duration: 9.6ms | Allocations: 2854)
  Rendered /Users/laqueel/Library/CloudStorage/OneDrive-Caterpillar/laqueel/rails/railsui/app/views/railsui/systems/components.html.erb within layouts/railsui/application (Duration: 13.6ms | Allocations: 5010)
  Rendered /Users/laqueel/Library/CloudStorage/OneDrive-Caterpillar/laqueel/rails/railsui/app/views/railsui/shared/_flash.html.erb (Duration: 0.0ms | Allocations: 24)
  Rendered /Users/laqueel/Library/CloudStorage/OneDrive-Caterpillar/laqueel/rails/railsui/app/views/railsui/shared/_logo.html.erb (Duration: 0.1ms | Allocations: 73)
  Rendered /Users/laqueel/Library/CloudStorage/OneDrive-Caterpillar/laqueel/rails/railsui/app/views/railsui/shared/_theme_label.html.erb (Duration: 2.9ms | Allocations: 3222)
  Rendered /Users/laqueel/Library/CloudStorage/OneDrive-Caterpillar/laqueel/rails/railsui/app/views/railsui/shared/_top_nav.html.erb (Duration: 5.2ms | Allocations: 6858)
  Rendered /Users/laqueel/Library/CloudStorage/OneDrive-Caterpillar/laqueel/rails/railsui/app/views/layouts/railsui/_masthead.html.erb (Duration: 11.6ms | Allocations: 13521)
  Rendered /Users/laqueel/Library/CloudStorage/OneDrive-Caterpillar/laqueel/rails/railsui/app/views/railsui/shared/_top_nav.html.erb (Duration: 5.0ms | Allocations: 6834)
  Rendered /Users/laqueel/Library/CloudStorage/OneDrive-Caterpillar/laqueel/rails/railsui/app/views/railsui/themes/bootstrap/retriever/_nav.html.erb (Duration: 6.6ms | Allocations: 10848)
  Rendered /Users/laqueel/Library/CloudStorage/OneDrive-Caterpillar/laqueel/rails/railsui/app/views/railsui/shared/_footer.html.erb (Duration: 1.0ms | Allocations: 1687)
  Rendered /Users/laqueel/Library/CloudStorage/OneDrive-Caterpillar/laqueel/rails/railsui/app/views/railsui/shared/_scroll_to_top.html.erb (Duration: 1.1ms | Allocations: 1951)
  Rendered layout /Users/laqueel/Library/CloudStorage/OneDrive-Caterpillar/laqueel/rails/railsui/app/views/layouts/railsui/application.html.erb (Duration: 43.7ms | Allocations: 44402)
Completed 200 OK in 45ms (Views: 44.0ms | Allocations: 44832)


Started GET "/railsui/systems/components" for ::1 at 2023-05-30 15:40:17 -0400
Processing by Railsui::SystemsController#components as HTML
  Rendering layout /Users/laqueel/Library/CloudStorage/OneDrive-Caterpillar/laqueel/rails/railsui/app/views/layouts/railsui/application.html.erb
  Rendering /Users/laqueel/Library/CloudStorage/OneDrive-Caterpillar/laqueel/rails/railsui/app/views/railsui/systems/components.html.erb within layouts/railsui/application
  Rendered /Users/laqueel/Library/CloudStorage/OneDrive-Caterpillar/laqueel/rails/railsui/app/views/railsui/shared/_header.html.erb (Duration: 3.3ms | Allocations: 1808)
  Rendered /Users/laqueel/Library/CloudStorage/OneDrive-Caterpillar/laqueel/rails/railsui/app/views/railsui/shared/_grid_item.html.erb (Duration: 0.1ms | Allocations: 50)
  Rendered /Users/laqueel/Library/CloudStorage/OneDrive-Caterpillar/laqueel/rails/railsui/app/views/railsui/shared/_grid_item.html.erb (Duration: 0.1ms | Allocations: 50)
  Rendered /Users/laqueel/Library/CloudStorage/OneDrive-Caterpillar/laqueel/rails/railsui/app/views/railsui/shared/_grid_item.html.erb (Duration: 0.0ms | Allocations: 50)
  Rendered /Users/laqueel/Library/CloudStorage/OneDrive-Caterpillar/laqueel/rails/railsui/app/views/railsui/shared/_grid_item.html.erb (Duration: 0.0ms | Allocations: 50)
  Rendered /Users/laqueel/Library/CloudStorage/OneDrive-Caterpillar/laqueel/rails/railsui/app/views/railsui/shared/_grid_item.html.erb (Duration: 0.1ms | Allocations: 50)
  Rendered /Users/laqueel/Library/CloudStorage/OneDrive-Caterpillar/laqueel/rails/railsui/app/views/railsui/shared/_grid_item.html.erb (Duration: 0.0ms | Allocations: 50)
  Rendered /Users/laqueel/Library/CloudStorage/OneDrive-Caterpillar/laqueel/rails/railsui/app/views/railsui/shared/_grid_item.html.erb (Duration: 0.0ms | Allocations: 50)
  Rendered /Users/laqueel/Library/CloudStorage/OneDrive-Caterpillar/laqueel/rails/railsui/app/views/railsui/shared/_grid_item.html.erb (Duration: 0.0ms | Allocations: 50)
  Rendered /Users/laqueel/Library/CloudStorage/OneDrive-Caterpillar/laqueel/rails/railsui/app/views/railsui/shared/_grid_item.html.erb (Duration: 0.0ms | Allocations: 50)
  Rendered /Users/laqueel/Library/CloudStorage/OneDrive-Caterpillar/laqueel/rails/railsui/app/views/railsui/shared/_grid_item.html.erb (Duration: 0.0ms | Allocations: 50)
  Rendered /Users/laqueel/Library/CloudStorage/OneDrive-Caterpillar/laqueel/rails/railsui/app/views/railsui/shared/_grid_item.html.erb (Duration: 0.2ms | Allocations: 50)
  Rendered /Users/laqueel/Library/CloudStorage/OneDrive-Caterpillar/laqueel/rails/railsui/app/views/railsui/shared/_grid_item.html.erb (Duration: 0.0ms | Allocations: 50)
  Rendered /Users/laqueel/Library/CloudStorage/OneDrive-Caterpillar/laqueel/rails/railsui/app/views/railsui/shared/_grid_item.html.erb (Duration: 0.0ms | Allocations: 50)
  Rendered /Users/laqueel/Library/CloudStorage/OneDrive-Caterpillar/laqueel/rails/railsui/app/views/railsui/shared/_grid_item.html.erb (Duration: 0.0ms | Allocations: 50)
  Rendered /Users/laqueel/Library/CloudStorage/OneDrive-Caterpillar/laqueel/rails/railsui/app/views/railsui/shared/_grid_item.html.erb (Duration: 0.0ms | Allocations: 50)
  Rendered /Users/laqueel/Library/CloudStorage/OneDrive-Caterpillar/laqueel/rails/railsui/app/views/railsui/themes/bootstrap/retriever/_components.html.erb (Duration: 3.9ms | Allocations: 2612)
  Rendered /Users/laqueel/Library/CloudStorage/OneDrive-Caterpillar/laqueel/rails/railsui/app/views/railsui/systems/components.html.erb within layouts/railsui/application (Duration: 7.4ms | Allocations: 4538)
  Rendered /Users/laqueel/Library/CloudStorage/OneDrive-Caterpillar/laqueel/rails/railsui/app/views/railsui/shared/_flash.html.erb (Duration: 0.0ms | Allocations: 24)
  Rendered /Users/laqueel/Library/CloudStorage/OneDrive-Caterpillar/laqueel/rails/railsui/app/views/railsui/shared/_logo.html.erb (Duration: 0.1ms | Allocations: 73)
  Rendered /Users/laqueel/Library/CloudStorage/OneDrive-Caterpillar/laqueel/rails/railsui/app/views/railsui/shared/_theme_label.html.erb (Duration: 3.2ms | Allocations: 3215)
  Rendered /Users/laqueel/Library/CloudStorage/OneDrive-Caterpillar/laqueel/rails/railsui/app/views/railsui/shared/_top_nav.html.erb (Duration: 5.4ms | Allocations: 6853)
  Rendered /Users/laqueel/Library/CloudStorage/OneDrive-Caterpillar/laqueel/rails/railsui/app/views/layouts/railsui/_masthead.html.erb (Duration: 12.0ms | Allocations: 13509)
  Rendered /Users/laqueel/Library/CloudStorage/OneDrive-Caterpillar/laqueel/rails/railsui/app/views/railsui/shared/_top_nav.html.erb (Duration: 4.5ms | Allocations: 6831)
  Rendered /Users/laqueel/Library/CloudStorage/OneDrive-Caterpillar/laqueel/rails/railsui/app/views/railsui/themes/bootstrap/retriever/_nav.html.erb (Duration: 6.7ms | Allocations: 10819)
  Rendered /Users/laqueel/Library/CloudStorage/OneDrive-Caterpillar/laqueel/rails/railsui/app/views/railsui/shared/_footer.html.erb (Duration: 1.1ms | Allocations: 1680)
  Rendered /Users/laqueel/Library/CloudStorage/OneDrive-Caterpillar/laqueel/rails/railsui/app/views/railsui/shared/_scroll_to_top.html.erb (Duration: 1.2ms | Allocations: 1947)
  Rendered layout /Users/laqueel/Library/CloudStorage/OneDrive-Caterpillar/laqueel/rails/railsui/app/views/layouts/railsui/application.html.erb (Duration: 37.2ms | Allocations: 43882)
Completed 200 OK in 38ms (Views: 37.6ms | Allocations: 44208)


Started GET "/railsui/systems/forms" for ::1 at 2023-05-30 15:40:22 -0400
Processing by Railsui::SystemsController#forms as HTML
  Rendering layout /Users/laqueel/Library/CloudStorage/OneDrive-Caterpillar/laqueel/rails/railsui/app/views/layouts/railsui/application.html.erb
  Rendering /Users/laqueel/Library/CloudStorage/OneDrive-Caterpillar/laqueel/rails/railsui/app/views/railsui/systems/forms.html.erb within layouts/railsui/application
  Rendered /Users/laqueel/Library/CloudStorage/OneDrive-Caterpillar/laqueel/rails/railsui/app/views/railsui/shared/_header.html.erb (Duration: 3.0ms | Allocations: 1806)
  Rendered /Users/laqueel/Library/CloudStorage/OneDrive-Caterpillar/laqueel/rails/railsui/app/views/railsui/shared/_grid_item.html.erb (Duration: 0.1ms | Allocations: 49)
  Rendered /Users/laqueel/Library/CloudStorage/OneDrive-Caterpillar/laqueel/rails/railsui/app/views/railsui/shared/_grid_item.html.erb (Duration: 0.1ms | Allocations: 49)
  Rendered /Users/laqueel/Library/CloudStorage/OneDrive-Caterpillar/laqueel/rails/railsui/app/views/railsui/shared/_grid_item.html.erb (Duration: 0.0ms | Allocations: 49)
  Rendered /Users/laqueel/Library/CloudStorage/OneDrive-Caterpillar/laqueel/rails/railsui/app/views/railsui/shared/_grid_item.html.erb (Duration: 0.0ms | Allocations: 48)
  Rendered /Users/laqueel/Library/CloudStorage/OneDrive-Caterpillar/laqueel/rails/railsui/app/views/railsui/shared/_grid_item.html.erb (Duration: 0.5ms | Allocations: 49)
  Rendered /Users/laqueel/Library/CloudStorage/OneDrive-Caterpillar/laqueel/rails/railsui/app/views/railsui/shared/_grid_item.html.erb (Duration: 0.0ms | Allocations: 49)
  Rendered /Users/laqueel/Library/CloudStorage/OneDrive-Caterpillar/laqueel/rails/railsui/app/views/railsui/shared/_grid_item.html.erb (Duration: 0.0ms | Allocations: 49)
  Rendered /Users/laqueel/Library/CloudStorage/OneDrive-Caterpillar/laqueel/rails/railsui/app/views/railsui/themes/bootstrap/retriever/_forms.html.erb (Duration: 2.2ms | Allocations: 1251)
  Rendered /Users/laqueel/Library/CloudStorage/OneDrive-Caterpillar/laqueel/rails/railsui/app/views/railsui/systems/forms.html.erb within layouts/railsui/application (Duration: 6.4ms | Allocations: 3418)
  Rendered /Users/laqueel/Library/CloudStorage/OneDrive-Caterpillar/laqueel/rails/railsui/app/views/railsui/shared/_flash.html.erb (Duration: 0.0ms | Allocations: 24)
  Rendered /Users/laqueel/Library/CloudStorage/OneDrive-Caterpillar/laqueel/rails/railsui/app/views/railsui/shared/_logo.html.erb (Duration: 0.1ms | Allocations: 73)
  Rendered /Users/laqueel/Library/CloudStorage/OneDrive-Caterpillar/laqueel/rails/railsui/app/views/railsui/shared/_theme_label.html.erb (Duration: 3.5ms | Allocations: 3208)
  Rendered /Users/laqueel/Library/CloudStorage/OneDrive-Caterpillar/laqueel/rails/railsui/app/views/railsui/shared/_top_nav.html.erb (Duration: 6.1ms | Allocations: 6842)
  Rendered /Users/laqueel/Library/CloudStorage/OneDrive-Caterpillar/laqueel/rails/railsui/app/views/layouts/railsui/_masthead.html.erb (Duration: 13.4ms | Allocations: 13477)
  Rendered /Users/laqueel/Library/CloudStorage/OneDrive-Caterpillar/laqueel/rails/railsui/app/views/railsui/shared/_top_nav.html.erb (Duration: 5.8ms | Allocations: 6831)
  Rendered /Users/laqueel/Library/CloudStorage/OneDrive-Caterpillar/laqueel/rails/railsui/app/views/railsui/themes/bootstrap/retriever/_nav.html.erb (Duration: 7.7ms | Allocations: 10819)
  Rendered /Users/laqueel/Library/CloudStorage/OneDrive-Caterpillar/laqueel/rails/railsui/app/views/railsui/shared/_footer.html.erb (Duration: 1.1ms | Allocations: 1680)
  Rendered /Users/laqueel/Library/CloudStorage/OneDrive-Caterpillar/laqueel/rails/railsui/app/views/railsui/shared/_scroll_to_top.html.erb (Duration: 1.3ms | Allocations: 1947)
  Rendered layout /Users/laqueel/Library/CloudStorage/OneDrive-Caterpillar/laqueel/rails/railsui/app/views/layouts/railsui/application.html.erb (Duration: 40.7ms | Allocations: 42715)
Completed 200 OK in 42ms (Views: 41.2ms | Allocations: 43141)


Started GET "/railsui/systems/pages" for ::1 at 2023-05-30 15:40:29 -0400
Processing by Railsui::SystemsController#pages as HTML
  Rendering layout /Users/laqueel/Library/CloudStorage/OneDrive-Caterpillar/laqueel/rails/railsui/app/views/layouts/railsui/application.html.erb
  Rendering /Users/laqueel/Library/CloudStorage/OneDrive-Caterpillar/laqueel/rails/railsui/app/views/railsui/systems/pages.html.erb within layouts/railsui/application
  Rendered /Users/laqueel/Library/CloudStorage/OneDrive-Caterpillar/laqueel/rails/railsui/app/views/railsui/shared/_header.html.erb (Duration: 3.4ms | Allocations: 1799)
  Rendered /Users/laqueel/Library/CloudStorage/OneDrive-Caterpillar/laqueel/rails/railsui/app/views/railsui/shared/_sticky_subhead.html.erb (Duration: 0.2ms | Allocations: 195)
  Rendered /Users/laqueel/Library/CloudStorage/OneDrive-Caterpillar/laqueel/rails/railsui/app/views/railsui/shared/_sticky_subhead.html.erb (Duration: 0.2ms | Allocations: 195)
  Rendered /Users/laqueel/Library/CloudStorage/OneDrive-Caterpillar/laqueel/rails/railsui/app/views/railsui/shared/_pagination.html.erb (Duration: 4.2ms | Allocations: 3956)
  Rendered /Users/laqueel/Library/CloudStorage/OneDrive-Caterpillar/laqueel/rails/railsui/app/views/railsui/themes/bootstrap/retriever/_pages.html.erb (Duration: 5.2ms | Allocations: 4767)
  Rendered /Users/laqueel/Library/CloudStorage/OneDrive-Caterpillar/laqueel/rails/railsui/app/views/railsui/systems/pages.html.erb within layouts/railsui/application (Duration: 8.9ms | Allocations: 6684)
  Rendered /Users/laqueel/Library/CloudStorage/OneDrive-Caterpillar/laqueel/rails/railsui/app/views/railsui/shared/_flash.html.erb (Duration: 0.0ms | Allocations: 24)
  Rendered /Users/laqueel/Library/CloudStorage/OneDrive-Caterpillar/laqueel/rails/railsui/app/views/railsui/shared/_logo.html.erb (Duration: 0.1ms | Allocations: 73)
  Rendered /Users/laqueel/Library/CloudStorage/OneDrive-Caterpillar/laqueel/rails/railsui/app/views/railsui/shared/_theme_label.html.erb (Duration: 3.0ms | Allocations: 3215)
  Rendered /Users/laqueel/Library/CloudStorage/OneDrive-Caterpillar/laqueel/rails/railsui/app/views/railsui/shared/_top_nav.html.erb (Duration: 5.4ms | Allocations: 6849)
  Rendered /Users/laqueel/Library/CloudStorage/OneDrive-Caterpillar/laqueel/rails/railsui/app/views/layouts/railsui/_masthead.html.erb (Duration: 11.4ms | Allocations: 13505)
  Rendered /Users/laqueel/Library/CloudStorage/OneDrive-Caterpillar/laqueel/rails/railsui/app/views/railsui/shared/_top_nav.html.erb (Duration: 4.9ms | Allocations: 6832)
  Rendered /Users/laqueel/Library/CloudStorage/OneDrive-Caterpillar/laqueel/rails/railsui/app/views/railsui/themes/bootstrap/retriever/_nav.html.erb (Duration: 6.6ms | Allocations: 10848)
  Rendered /Users/laqueel/Library/CloudStorage/OneDrive-Caterpillar/laqueel/rails/railsui/app/views/railsui/shared/_footer.html.erb (Duration: 1.1ms | Allocations: 1687)
  Rendered /Users/laqueel/Library/CloudStorage/OneDrive-Caterpillar/laqueel/rails/railsui/app/views/railsui/shared/_scroll_to_top.html.erb (Duration: 1.1ms | Allocations: 1951)
  Rendered layout /Users/laqueel/Library/CloudStorage/OneDrive-Caterpillar/laqueel/rails/railsui/app/views/layouts/railsui/application.html.erb (Duration: 37.9ms | Allocations: 46047)
Completed 200 OK in 39ms (Views: 38.3ms | Allocations: 46374)


